2018-08-13 15:51:22.146  INFO 14892 --- [main] c.y.s.SpringbootLogtestApplicationTests  : Starting SpringbootLogtestApplicationTests on DESKTOP-50N6IL5 with PID 14892 (started by acer in D:\javaPractice\springboot-logtest)
2018-08-13 15:51:22.147 DEBUG 14892 --- [main] c.y.s.SpringbootLogtestApplicationTests  : Running with Spring Boot v2.0.4.RELEASE, Spring v5.0.8.RELEASE
2018-08-13 15:51:22.149  INFO 14892 --- [main] c.y.s.SpringbootLogtestApplicationTests  : No active profile set, falling back to default profiles: default
2018-08-13 15:51:22.184  INFO 14892 --- [main] o.s.w.c.s.GenericWebApplicationContext   : Refreshing org.springframework.web.context.support.GenericWebApplicationContext@1df8da7a: startup date [Mon Aug 13 15:51:22 CST 2018]; root of context hierarchy
2018-08-13 15:51:23.493  INFO 14892 --- [main] o.s.w.s.handler.SimpleUrlHandlerMapping  : Mapped URL path [/**/favicon.ico] onto handler of type [class org.springframework.web.servlet.resource.ResourceHttpRequestHandler]
2018-08-13 15:51:23.635  INFO 14892 --- [main] s.w.s.m.m.a.RequestMappingHandlerAdapter : Looking for @ControllerAdvice: org.springframework.web.context.support.GenericWebApplicationContext@1df8da7a: startup date [Mon Aug 13 15:51:22 CST 2018]; root of context hierarchy
2018-08-13 15:51:23.703  INFO 14892 --- [main] s.w.s.m.m.a.RequestMappingHandlerMapping : Mapped "{[/error]}" onto public org.springframework.http.ResponseEntity<java.util.Map<java.lang.String, java.lang.Object>> org.springframework.boot.autoconfigure.web.servlet.error.BasicErrorController.error(javax.servlet.http.HttpServletRequest)
2018-08-13 15:51:23.704  INFO 14892 --- [main] s.w.s.m.m.a.RequestMappingHandlerMapping : Mapped "{[/error],produces=[text/html]}" onto public org.springframework.web.servlet.ModelAndView org.springframework.boot.autoconfigure.web.servlet.error.BasicErrorController.errorHtml(javax.servlet.http.HttpServletRequest,javax.servlet.http.HttpServletResponse)
2018-08-13 15:51:23.726  INFO 14892 --- [main] o.s.w.s.handler.SimpleUrlHandlerMapping  : Mapped URL path [/webjars/**] onto handler of type [class org.springframework.web.servlet.resource.ResourceHttpRequestHandler]
2018-08-13 15:51:23.726  INFO 14892 --- [main] o.s.w.s.handler.SimpleUrlHandlerMapping  : Mapped URL path [/**] onto handler of type [class org.springframework.web.servlet.resource.ResourceHttpRequestHandler]
2018-08-13 15:51:23.928  INFO 14892 --- [main] c.y.s.SpringbootLogtestApplicationTests  : Started SpringbootLogtestApplicationTests in 2.333 seconds (JVM running for 3.382)
2018-08-13 15:51:24.024 TRACE 14892 --- [main] c.y.s.SpringbootLogtestApplicationTests  : 这是trace日志。。。
2018-08-13 15:51:24.024 DEBUG 14892 --- [main] c.y.s.SpringbootLogtestApplicationTests  : 这是debug日志。。。
2018-08-13 15:51:24.024  INFO 14892 --- [main] c.y.s.SpringbootLogtestApplicationTests  : 这是info日志。。。。
2018-08-13 15:51:24.024  WARN 14892 --- [main] c.y.s.SpringbootLogtestApplicationTests  : 这是warn日志。。。。
2018-08-13 15:51:24.024 ERROR 14892 --- [main] c.y.s.SpringbootLogtestApplicationTests  : 这是error日志。。。
2018-08-13 15:51:24.030  INFO 14892 --- [Thread-2] o.s.w.c.s.GenericWebApplicationContext   : Closing org.springframework.web.context.support.GenericWebApplicationContext@1df8da7a: startup date [Mon Aug 13 15:51:22 CST 2018]; root of context hierarchy
d{yyyy‐MM‐dd} === [thread] === ‐5level === logger{50} ==== msgnd{yyyy‐MM‐dd} === [thread] === ‐5level === logger{50} ==== msgnd{yyyy‐MM‐dd} === [thread] === ‐5level === logger{50} ==== msgnd{yyyy‐MM‐dd} === [thread] === ‐5level === logger{50} ==== msgnd{yyyy‐MM‐dd} === [thread] === ‐5level === logger{50} ==== msgnd{yyyy‐MM‐dd} === [thread] === ‐5level === logger{50} ==== msgnd{yyyy‐MM‐dd} === [thread] === ‐5level === logger{50} ==== msgnd{yyyy‐MM‐dd} === [thread] === ‐5level === logger{50} ==== msgnd{yyyy‐MM‐dd} === [thread] === ‐5level === logger{50} ==== msgnd{yyyy‐MM‐dd} === [thread] === ‐5level === logger{50} ==== msgnd{yyyy‐MM‐dd} === [thread] === ‐5level === logger{50} ==== msgnd{yyyy‐MM‐dd} === [thread] === ‐5level === logger{50} ==== msgnd{yyyy‐MM‐dd} === [thread] === ‐5level === logger{50} ==== msgnd{yyyy‐MM‐dd} === [thread] === ‐5level === logger{50} ==== msgnd{yyyy‐MM‐dd} === [thread] === ‐5level === logger{50} ==== msgnd{yyyy‐MM‐dd} === [thread] === ‐5level === logger{50} ==== msgnd{yyyy‐MM‐dd} === [thread] === ‐5level === logger{50} ==== msgn2018-08-13 16:23:18.805  INFO 16352 --- [main] c.y.s.SpringbootLogtestApplicationTests  : Starting SpringbootLogtestApplicationTests on DESKTOP-50N6IL5 with PID 16352 (started by acer in D:\javaPractice\springboot-logtest)
2018-08-13 16:23:18.810 DEBUG 16352 --- [main] c.y.s.SpringbootLogtestApplicationTests  : Running with Spring Boot v2.0.4.RELEASE, Spring v5.0.8.RELEASE
2018-08-13 16:23:18.810  INFO 16352 --- [main] c.y.s.SpringbootLogtestApplicationTests  : No active profile set, falling back to default profiles: default
2018-08-13 16:23:18.840  INFO 16352 --- [main] o.s.w.c.s.GenericWebApplicationContext   : Refreshing org.springframework.web.context.support.GenericWebApplicationContext@ca30bc1: startup date [Mon Aug 13 16:23:18 CST 2018]; root of context hierarchy
2018-08-13 16:23:19.940  INFO 16352 --- [main] o.s.w.s.h.SimpleUrlHandlerMapping        : Mapped URL path [/**/favicon.ico] onto handler of type [class org.springframework.web.servlet.resource.ResourceHttpRequestHandler]
2018-08-13 16:23:20.118  INFO 16352 --- [main] s.w.s.m.m.a.RequestMappingHandlerAdapter : Looking for @ControllerAdvice: org.springframework.web.context.support.GenericWebApplicationContext@ca30bc1: startup date [Mon Aug 13 16:23:18 CST 2018]; root of context hierarchy
2018-08-13 16:23:20.192  INFO 16352 --- [main] s.w.s.m.m.a.RequestMappingHandlerMapping : Mapped "{[/error]}" onto public org.springframework.http.ResponseEntity<java.util.Map<java.lang.String, java.lang.Object>> org.springframework.boot.autoconfigure.web.servlet.error.BasicErrorController.error(javax.servlet.http.HttpServletRequest)
2018-08-13 16:23:20.193  INFO 16352 --- [main] s.w.s.m.m.a.RequestMappingHandlerMapping : Mapped "{[/error],produces=[text/html]}" onto public org.springframework.web.servlet.ModelAndView org.springframework.boot.autoconfigure.web.servlet.error.BasicErrorController.errorHtml(javax.servlet.http.HttpServletRequest,javax.servlet.http.HttpServletResponse)
2018-08-13 16:23:20.217  INFO 16352 --- [main] o.s.w.s.h.SimpleUrlHandlerMapping        : Mapped URL path [/webjars/**] onto handler of type [class org.springframework.web.servlet.resource.ResourceHttpRequestHandler]
2018-08-13 16:23:20.217  INFO 16352 --- [main] o.s.w.s.h.SimpleUrlHandlerMapping        : Mapped URL path [/**] onto handler of type [class org.springframework.web.servlet.resource.ResourceHttpRequestHandler]
2018-08-13 16:23:20.420  INFO 16352 --- [main] c.y.s.SpringbootLogtestApplicationTests  : Started SpringbootLogtestApplicationTests in 2.071 seconds (JVM running for 3.545)
2018-08-13 16:23:20.588 TRACE 16352 --- [main] c.y.s.SpringbootLogtestApplicationTests  : 这是trace日志。。。
2018-08-13 16:23:20.588 DEBUG 16352 --- [main] c.y.s.SpringbootLogtestApplicationTests  : 这是debug日志。。。
2018-08-13 16:23:20.588  INFO 16352 --- [main] c.y.s.SpringbootLogtestApplicationTests  : 这是info日志。。。。
2018-08-13 16:23:20.588  WARN 16352 --- [main] c.y.s.SpringbootLogtestApplicationTests  : 这是warn日志。。。。
2018-08-13 16:23:20.588 ERROR 16352 --- [main] c.y.s.SpringbootLogtestApplicationTests  : 这是error日志。。。
2018-08-13 16:23:20.591  INFO 16352 --- [Thread-2] o.s.w.c.s.GenericWebApplicationContext   : Closing org.springframework.web.context.support.GenericWebApplicationContext@ca30bc1: startup date [Mon Aug 13 16:23:18 CST 2018]; root of context hierarchy
